<?xml version="1.0" encoding="UTF-8"?>
<!-- Generated by org.testng.reporters.JUnitXMLReporter -->
<testsuite hostname="DESKTOP-35QE28J" ignored="0" name="Parallel Tests" tests="3" failures="0" timestamp="12 Jul 2020 19:56:30 GMT" time="16.767" errors="0">
  <testcase name="chromeBrowser" time="12.84" classname="tests.ParallelExecution"/>
  <testcase name="fireFoxBrowser" time="12.842" classname="tests.ParallelExecution"/>
  <testcase name="internetExpBrowser" time="16.711" classname="tests.ParallelExecution"/>
</testsuite> <!-- Parallel Tests -->
