<?xml version="1.0" encoding="UTF-8"?>
<testng-results skipped="0" failed="0" ignored="0" total="3" passed="3">
  <reporter-output>
  </reporter-output>
  <suite name="Parallel Testing Suite" duration-ms="16767" started-at="2020-07-12T19:56:13Z" finished-at="2020-07-12T19:56:30Z">
    <groups>
    </groups>
    <test name="Parallel Tests" duration-ms="16767" started-at="2020-07-12T19:56:13Z" finished-at="2020-07-12T19:56:30Z">
      <class name="tests.ParallelExecution">
        <test-method status="PASS" signature="fireFoxBrowser()[pri:0, instance:tests.ParallelExecution@419c5f1a]" name="fireFoxBrowser" duration-ms="12842" started-at="2020-07-12T19:56:13Z" finished-at="2020-07-12T19:56:26Z">
          <reporter-output>
          </reporter-output>
        </test-method> <!-- fireFoxBrowser -->
        <test-method status="PASS" signature="internetExpBrowser()[pri:0, instance:tests.ParallelExecution@419c5f1a]" name="internetExpBrowser" duration-ms="16711" started-at="2020-07-12T19:56:13Z" finished-at="2020-07-12T19:56:30Z">
          <reporter-output>
          </reporter-output>
        </test-method> <!-- internetExpBrowser -->
        <test-method status="PASS" signature="chromeBrowser()[pri:0, instance:tests.ParallelExecution@419c5f1a]" name="chromeBrowser" duration-ms="12840" started-at="2020-07-12T19:56:13Z" finished-at="2020-07-12T19:56:26Z">
          <reporter-output>
          </reporter-output>
        </test-method> <!-- chromeBrowser -->
      </class> <!-- tests.ParallelExecution -->
    </test> <!-- Parallel Tests -->
  </suite> <!-- Parallel Testing Suite -->
</testng-results>
