<?xml version="1.0" encoding="UTF-8"?>
<!-- Generated by org.testng.reporters.JUnitXMLReporter -->
<testsuite hostname="DESKTOP-35QE28J" ignored="0" name="Login to Hotel Page" tests="15" failures="0" timestamp="12 Jul 2020 19:24:04 GMT" time="0.279" errors="0">
  <testcase name="dashboard" time="0.037" classname="tests.TestNGConcepts"/>
  <testcase name="signIn" time="0.005" classname="tests.TestNGConcepts"/>
  <testcase name="checkTitle" time="0.003" classname="tests.TestNGConcepts"/>
  <testcase name="checkTitle" time="0.003" classname="tests.TestNGConcepts"/>
  <testcase name="checkTitle" time="0.005" classname="tests.TestNGConcepts"/>
  <testcase name="checkTitle" time="0.005" classname="tests.TestNGConcepts"/>
  <testcase name="checkTitle" time="0.002" classname="tests.TestNGConcepts"/>
  <testcase name="checkTitle" time="0.004" classname="tests.TestNGConcepts"/>
  <testcase name="checkTitle" time="0.004" classname="tests.TestNGConcepts"/>
  <testcase name="checkTitle" time="0.008" classname="tests.TestNGConcepts"/>
  <testcase name="checkTitle" time="0.004" classname="tests.TestNGConcepts"/>
  <testcase name="checkTitle" time="0.003" classname="tests.TestNGConcepts"/>
  <testcase name="customerPage" time="0.002" classname="tests.TestNGConcepts"/>
  <testcase name="logout" time="0.003" classname="tests.TestNGConcepts"/>
  <testcase name="homePage" time="0.002" classname="tests.TestNGConcepts"/>
</testsuite> <!-- Login to Hotel Page -->
